android/usbSerialExamples/build/intermediates/manifest_merge_blame_file/debug/manifest-merger-blame-debug-report.txt
1<?xml version="1.0" encoding="utf-8"?>
2<manifest xmlns:android="http://schemas.android.com/apk/res/android"
3    package="com.hoho.android.usbserial.examples" >
4
5    <uses-sdk
6        android:minSdkVersion="17"
6-->src/main/AndroidManifest.xml
7        android:targetSdkVersion="28" />
7-->src/main/AndroidManifest.xml
8
9    <permission android:name="android.hardware.usb.host" />
9-->src/main/AndroidManifest.xml:5:5-60
9-->src/main/AndroidManifest.xml:5:17-57
10
11    <uses-feature android:name="android.hardware.usb.host" />
11-->src/main/AndroidManifest.xml:6:5-62
11-->src/main/AndroidManifest.xml:6:19-59
12    <uses-feature android:name="android.hardware.usb.accessory" />
12-->src/main/AndroidManifest.xml:7:5-67
12-->src/main/AndroidManifest.xml:7:19-64
13    <!-- mipmap/ic_launcher created with Android Studio -> New -> Image Asset using @color/colorPrimary and USB clip art -->
14    <application
14-->src/main/AndroidManifest.xml:9:5-34:19
15        android:appComponentFactory="androidx.core.app.CoreComponentFactory"
15-->[androidx.core:core:1.1.0] AndroidManifest.xml:24:18-86
16        android:debuggable="true"
17        android:icon="@mipmap/ic_launcher"
17-->src/main/AndroidManifest.xml:10:9-43
18        android:label="@string/app_name"
18-->src/main/AndroidManifest.xml:11:9-41
19        android:testOnly="true"
20        android:theme="@style/AppTheme" >
20-->src/main/AndroidManifest.xml:12:9-40
21
22        <!--
23             for this simple app launchMode=singleTask and singleTop have same effect.
24             If you would start another activity in the app, e.g. Android Settings
25             then you should use singleTask, else a new MainActivity would be started
26             when the settings activity is currently shown
27        -->
28        <activity
28-->src/main/AndroidManifest.xml:18:9-33:20
29            android:name="com.hoho.android.usbserial.examples.MainActivity"
29-->src/main/AndroidManifest.xml:19:13-41
30            android:label="@string/app_name"
30-->src/main/AndroidManifest.xml:20:13-45
31            android:launchMode="singleTask"
31-->src/main/AndroidManifest.xml:21:13-44
32            android:windowSoftInputMode="stateHidden|adjustResize" >
32-->src/main/AndroidManifest.xml:22:13-67
33            <intent-filter>
33-->src/main/AndroidManifest.xml:23:13-27:29
34                <action android:name="android.intent.action.MAIN" />
34-->src/main/AndroidManifest.xml:24:17-69
34-->src/main/AndroidManifest.xml:24:25-66
35
36                <category android:name="android.intent.category.LAUNCHER" />
36-->src/main/AndroidManifest.xml:25:17-77
36-->src/main/AndroidManifest.xml:25:27-74
37
38                <action android:name="android.hardware.usb.action.USB_DEVICE_ATTACHED" />
38-->src/main/AndroidManifest.xml:26:17-90
38-->src/main/AndroidManifest.xml:26:25-87
39            </intent-filter>
40
41            <meta-data
41-->src/main/AndroidManifest.xml:29:13-31:57
42                android:name="android.hardware.usb.action.USB_DEVICE_ATTACHED"
42-->src/main/AndroidManifest.xml:30:17-79
43                android:resource="@xml/device_filter" />
43-->src/main/AndroidManifest.xml:31:17-54
44        </activity>
45    </application>
46
47</manifest>